<?xml version="1.0" encoding="UTF-8"?>
<!-- Generated by org.testng.reporters.JUnitReportReporter -->
<testsuite hostname="Dell-Laptop-2nd-Floor-room2" failures="0" tests="1" name="com.actitime.testscript.CustomerModule" time="4.348" errors="0" timestamp="2024-10-24T11:10:13 IST" skipped="0">
  <testcase classname="com.actitime.testscript.CustomerModule" name="createCustomer" time="4.348"/>
</testsuite> <!-- com.actitime.testscript.CustomerModule -->
